<?xml version="1.0" encoding="UTF-8" ?>
<testsuite failures="0" time="0.01" errors="0" skipped="0" tests="1" name="org.quantocusta.api.AppTest">
  <properties>
    <property name="java.runtime.name" value="Java(TM) SE Runtime Environment"/>
    <property name="sun.boot.library.path" value="/System/Library/Java/JavaVirtualMachines/1.6.0.jdk/Contents/Libraries"/>
    <property name="java.vm.version" value="20.51-b01-457"/>
    <property name="awt.nativeDoubleBuffering" value="true"/>
    <property name="gopherProxySet" value="false"/>
    <property name="mrj.build" value="11M4509"/>
    <property name="java.vm.vendor" value="Apple Inc."/>
    <property name="java.vendor.url" value="http://www.apple.com/"/>
    <property name="path.separator" value=":"/>
    <property name="java.vm.name" value="Java HotSpot(TM) 64-Bit Server VM"/>
    <property name="file.encoding.pkg" value="sun.io"/>
    <property name="user.country" value="BR"/>
    <property name="sun.java.launcher" value="SUN_STANDARD"/>
    <property name="sun.os.patch.level" value="unknown"/>
    <property name="java.vm.specification.name" value="Java Virtual Machine Specification"/>
    <property name="user.dir" value="/Users/giulianobg/Documents/workspace/quantocusta/quantocusta-api"/>
    <property name="java.runtime.version" value="1.6.0_51-b11-457-11M4509"/>
    <property name="java.awt.graphicsenv" value="apple.awt.CGraphicsEnvironment"/>
    <property name="basedir" value="/Users/giulianobg/Documents/workspace/quantocusta/quantocusta-api"/>
    <property name="java.endorsed.dirs" value="/System/Library/Java/JavaVirtualMachines/1.6.0.jdk/Contents/Home/lib/endorsed"/>
    <property name="os.arch" value="x86_64"/>
    <property name="surefire.real.class.path" value="/Users/giulianobg/Documents/workspace/quantocusta/quantocusta-api/target/surefire/surefirebooter8632524950533123064.jar"/>
    <property name="java.io.tmpdir" value="/var/folders/91/6m19jvjj1v7c68b3bq5f0gz40000gn/T/"/>
    <property name="line.separator" value="
"/>
    <property name="java.vm.specification.vendor" value="Sun Microsystems Inc."/>
    <property name="os.name" value="Mac OS X"/>
    <property name="sun.jnu.encoding" value="MacRoman"/>
    <property name="java.library.path" value=".:/Users/giulianobg/Library/Java/Extensions:/Library/Java/Extensions:/System/Library/Java/Extensions:/usr/lib/java"/>
    <property name="surefire.test.class.path" value="/Users/giulianobg/Documents/workspace/quantocusta/quantocusta-api/target/test-classes:/Users/giulianobg/Documents/workspace/quantocusta/quantocusta-api/target/classes:/Users/giulianobg/.m2/repository/junit/junit/3.8.1/junit-3.8.1.jar:/Users/giulianobg/.m2/repository/com/yammer/dropwizard/dropwizard-core/0.6.2/dropwizard-core-0.6.2.jar:/Users/giulianobg/.m2/repository/com/sun/jersey/jersey-core/1.17.1/jersey-core-1.17.1.jar:/Users/giulianobg/.m2/repository/com/sun/jersey/jersey-server/1.17.1/jersey-server-1.17.1.jar:/Users/giulianobg/.m2/repository/asm/asm/3.1/asm-3.1.jar:/Users/giulianobg/.m2/repository/com/sun/jersey/jersey-servlet/1.17.1/jersey-servlet-1.17.1.jar:/Users/giulianobg/.m2/repository/com/yammer/metrics/metrics-core/2.2.0/metrics-core-2.2.0.jar:/Users/giulianobg/.m2/repository/com/yammer/metrics/metrics-servlet/2.2.0/metrics-servlet-2.2.0.jar:/Users/giulianobg/.m2/repository/com/yammer/metrics/metrics-jetty/2.2.0/metrics-jetty-2.2.0.jar:/Users/giulianobg/.m2/repository/com/yammer/metrics/metrics-logback/2.2.0/metrics-logback-2.2.0.jar:/Users/giulianobg/.m2/repository/com/yammer/metrics/metrics-jersey/2.2.0/metrics-jersey-2.2.0.jar:/Users/giulianobg/.m2/repository/com/yammer/metrics/metrics-annotation/2.2.0/metrics-annotation-2.2.0.jar:/Users/giulianobg/.m2/repository/com/fasterxml/jackson/core/jackson-databind/2.1.4/jackson-databind-2.1.4.jar:/Users/giulianobg/.m2/repository/com/fasterxml/jackson/core/jackson-annotations/2.1.4/jackson-annotations-2.1.4.jar:/Users/giulianobg/.m2/repository/com/fasterxml/jackson/core/jackson-core/2.1.4/jackson-core-2.1.4.jar:/Users/giulianobg/.m2/repository/com/fasterxml/jackson/jaxrs/jackson-jaxrs-json-provider/2.1.4/jackson-jaxrs-json-provider-2.1.4.jar:/Users/giulianobg/.m2/repository/com/fasterxml/jackson/module/jackson-module-jaxb-annotations/2.1.4/jackson-module-jaxb-annotations-2.1.4.jar:/Users/giulianobg/.m2/repository/com/fasterxml/jackson/dataformat/jackson-dataformat-yaml/2.1.4/jackson-dataformat-yaml-2.1.4.jar:/Users/giulianobg/.m2/repository/com/fasterxml/jackson/datatype/jackson-datatype-guava/2.1.2/jackson-datatype-guava-2.1.2.jar:/Users/giulianobg/.m2/repository/net/sourceforge/argparse4j/argparse4j/0.4.0/argparse4j-0.4.0.jar:/Users/giulianobg/.m2/repository/org/slf4j/slf4j-api/1.7.4/slf4j-api-1.7.4.jar:/Users/giulianobg/.m2/repository/org/slf4j/jul-to-slf4j/1.7.4/jul-to-slf4j-1.7.4.jar:/Users/giulianobg/.m2/repository/ch/qos/logback/logback-core/1.0.10/logback-core-1.0.10.jar:/Users/giulianobg/.m2/repository/ch/qos/logback/logback-classic/1.0.10/logback-classic-1.0.10.jar:/Users/giulianobg/.m2/repository/org/slf4j/log4j-over-slf4j/1.7.4/log4j-over-slf4j-1.7.4.jar:/Users/giulianobg/.m2/repository/org/eclipse/jetty/jetty-server/8.1.10.v20130312/jetty-server-8.1.10.v20130312.jar:/Users/giulianobg/.m2/repository/org/eclipse/jetty/orbit/javax.servlet/3.0.0.v201112011016/javax.servlet-3.0.0.v201112011016.jar:/Users/giulianobg/.m2/repository/org/eclipse/jetty/jetty-continuation/8.1.10.v20130312/jetty-continuation-8.1.10.v20130312.jar:/Users/giulianobg/.m2/repository/org/eclipse/jetty/jetty-servlet/8.1.10.v20130312/jetty-servlet-8.1.10.v20130312.jar:/Users/giulianobg/.m2/repository/org/eclipse/jetty/jetty-security/8.1.10.v20130312/jetty-security-8.1.10.v20130312.jar:/Users/giulianobg/.m2/repository/org/eclipse/jetty/jetty-http/8.1.10.v20130312/jetty-http-8.1.10.v20130312.jar:/Users/giulianobg/.m2/repository/org/eclipse/jetty/jetty-io/8.1.10.v20130312/jetty-io-8.1.10.v20130312.jar:/Users/giulianobg/.m2/repository/org/eclipse/jetty/jetty-util/8.1.10.v20130312/jetty-util-8.1.10.v20130312.jar:/Users/giulianobg/.m2/repository/com/google/guava/guava/14.0.1/guava-14.0.1.jar:/Users/giulianobg/.m2/repository/com/google/code/findbugs/jsr305/2.0.1/jsr305-2.0.1.jar:/Users/giulianobg/.m2/repository/org/hibernate/hibernate-validator/4.3.1.Final/hibernate-validator-4.3.1.Final.jar:/Users/giulianobg/.m2/repository/javax/validation/validation-api/1.0.0.GA/validation-api-1.0.0.GA.jar:/Users/giulianobg/.m2/repository/org/jboss/logging/jboss-logging/3.1.0.CR2/jboss-logging-3.1.0.CR2.jar:/Users/giulianobg/.m2/repository/joda-time/joda-time/2.2/joda-time-2.2.jar:/Users/giulianobg/.m2/repository/com/fasterxml/jackson/datatype/jackson-datatype-joda/2.1.2/jackson-datatype-joda-2.1.2.jar:/Users/giulianobg/.m2/repository/com/yammer/dropwizard/dropwizard-views/0.6.2/dropwizard-views-0.6.2.jar:/Users/giulianobg/.m2/repository/org/freemarker/freemarker/2.3.19/freemarker-2.3.19.jar:/Users/giulianobg/.m2/repository/com/github/spullara/mustache/java/compiler/0.8.10/compiler-0.8.10.jar:/Users/giulianobg/.m2/repository/com/yammer/dropwizard/dropwizard-jdbi/0.6.2/dropwizard-jdbi-0.6.2.jar:/Users/giulianobg/.m2/repository/com/yammer/dropwizard/dropwizard-db/0.6.2/dropwizard-db-0.6.2.jar:/Users/giulianobg/.m2/repository/org/apache/tomcat/tomcat-dbcp/7.0.37/tomcat-dbcp-7.0.37.jar:/Users/giulianobg/.m2/repository/org/jdbi/jdbi/2.41/jdbi-2.41.jar:/Users/giulianobg/.m2/repository/com/yammer/metrics/metrics-jdbi/2.2.0/metrics-jdbi-2.2.0.jar:/Users/giulianobg/.m2/repository/com/h2database/h2/1.3.173/h2-1.3.173.jar:"/>
    <property name="java.specification.name" value="Java Platform API Specification"/>
    <property name="java.class.version" value="50.0"/>
    <property name="sun.management.compiler" value="HotSpot 64-Bit Tiered Compilers"/>
    <property name="os.version" value="10.8.5"/>
    <property name="http.nonProxyHosts" value="local|*.local|169.254/16|*.169.254/16"/>
    <property name="user.home" value="/Users/giulianobg"/>
    <property name="user.timezone" value=""/>
    <property name="java.awt.printerjob" value="apple.awt.CPrinterJob"/>
    <property name="java.specification.version" value="1.6"/>
    <property name="file.encoding" value="MacRoman"/>
    <property name="user.name" value="giulianobg"/>
    <property name="java.class.path" value="/Users/giulianobg/Documents/workspace/quantocusta/quantocusta-api/target/test-classes:/Users/giulianobg/Documents/workspace/quantocusta/quantocusta-api/target/classes:/Users/giulianobg/.m2/repository/junit/junit/3.8.1/junit-3.8.1.jar:/Users/giulianobg/.m2/repository/com/yammer/dropwizard/dropwizard-core/0.6.2/dropwizard-core-0.6.2.jar:/Users/giulianobg/.m2/repository/com/sun/jersey/jersey-core/1.17.1/jersey-core-1.17.1.jar:/Users/giulianobg/.m2/repository/com/sun/jersey/jersey-server/1.17.1/jersey-server-1.17.1.jar:/Users/giulianobg/.m2/repository/asm/asm/3.1/asm-3.1.jar:/Users/giulianobg/.m2/repository/com/sun/jersey/jersey-servlet/1.17.1/jersey-servlet-1.17.1.jar:/Users/giulianobg/.m2/repository/com/yammer/metrics/metrics-core/2.2.0/metrics-core-2.2.0.jar:/Users/giulianobg/.m2/repository/com/yammer/metrics/metrics-servlet/2.2.0/metrics-servlet-2.2.0.jar:/Users/giulianobg/.m2/repository/com/yammer/metrics/metrics-jetty/2.2.0/metrics-jetty-2.2.0.jar:/Users/giulianobg/.m2/repository/com/yammer/metrics/metrics-logback/2.2.0/metrics-logback-2.2.0.jar:/Users/giulianobg/.m2/repository/com/yammer/metrics/metrics-jersey/2.2.0/metrics-jersey-2.2.0.jar:/Users/giulianobg/.m2/repository/com/yammer/metrics/metrics-annotation/2.2.0/metrics-annotation-2.2.0.jar:/Users/giulianobg/.m2/repository/com/fasterxml/jackson/core/jackson-databind/2.1.4/jackson-databind-2.1.4.jar:/Users/giulianobg/.m2/repository/com/fasterxml/jackson/core/jackson-annotations/2.1.4/jackson-annotations-2.1.4.jar:/Users/giulianobg/.m2/repository/com/fasterxml/jackson/core/jackson-core/2.1.4/jackson-core-2.1.4.jar:/Users/giulianobg/.m2/repository/com/fasterxml/jackson/jaxrs/jackson-jaxrs-json-provider/2.1.4/jackson-jaxrs-json-provider-2.1.4.jar:/Users/giulianobg/.m2/repository/com/fasterxml/jackson/module/jackson-module-jaxb-annotations/2.1.4/jackson-module-jaxb-annotations-2.1.4.jar:/Users/giulianobg/.m2/repository/com/fasterxml/jackson/dataformat/jackson-dataformat-yaml/2.1.4/jackson-dataformat-yaml-2.1.4.jar:/Users/giulianobg/.m2/repository/com/fasterxml/jackson/datatype/jackson-datatype-guava/2.1.2/jackson-datatype-guava-2.1.2.jar:/Users/giulianobg/.m2/repository/net/sourceforge/argparse4j/argparse4j/0.4.0/argparse4j-0.4.0.jar:/Users/giulianobg/.m2/repository/org/slf4j/slf4j-api/1.7.4/slf4j-api-1.7.4.jar:/Users/giulianobg/.m2/repository/org/slf4j/jul-to-slf4j/1.7.4/jul-to-slf4j-1.7.4.jar:/Users/giulianobg/.m2/repository/ch/qos/logback/logback-core/1.0.10/logback-core-1.0.10.jar:/Users/giulianobg/.m2/repository/ch/qos/logback/logback-classic/1.0.10/logback-classic-1.0.10.jar:/Users/giulianobg/.m2/repository/org/slf4j/log4j-over-slf4j/1.7.4/log4j-over-slf4j-1.7.4.jar:/Users/giulianobg/.m2/repository/org/eclipse/jetty/jetty-server/8.1.10.v20130312/jetty-server-8.1.10.v20130312.jar:/Users/giulianobg/.m2/repository/org/eclipse/jetty/orbit/javax.servlet/3.0.0.v201112011016/javax.servlet-3.0.0.v201112011016.jar:/Users/giulianobg/.m2/repository/org/eclipse/jetty/jetty-continuation/8.1.10.v20130312/jetty-continuation-8.1.10.v20130312.jar:/Users/giulianobg/.m2/repository/org/eclipse/jetty/jetty-servlet/8.1.10.v20130312/jetty-servlet-8.1.10.v20130312.jar:/Users/giulianobg/.m2/repository/org/eclipse/jetty/jetty-security/8.1.10.v20130312/jetty-security-8.1.10.v20130312.jar:/Users/giulianobg/.m2/repository/org/eclipse/jetty/jetty-http/8.1.10.v20130312/jetty-http-8.1.10.v20130312.jar:/Users/giulianobg/.m2/repository/org/eclipse/jetty/jetty-io/8.1.10.v20130312/jetty-io-8.1.10.v20130312.jar:/Users/giulianobg/.m2/repository/org/eclipse/jetty/jetty-util/8.1.10.v20130312/jetty-util-8.1.10.v20130312.jar:/Users/giulianobg/.m2/repository/com/google/guava/guava/14.0.1/guava-14.0.1.jar:/Users/giulianobg/.m2/repository/com/google/code/findbugs/jsr305/2.0.1/jsr305-2.0.1.jar:/Users/giulianobg/.m2/repository/org/hibernate/hibernate-validator/4.3.1.Final/hibernate-validator-4.3.1.Final.jar:/Users/giulianobg/.m2/repository/javax/validation/validation-api/1.0.0.GA/validation-api-1.0.0.GA.jar:/Users/giulianobg/.m2/repository/org/jboss/logging/jboss-logging/3.1.0.CR2/jboss-logging-3.1.0.CR2.jar:/Users/giulianobg/.m2/repository/joda-time/joda-time/2.2/joda-time-2.2.jar:/Users/giulianobg/.m2/repository/com/fasterxml/jackson/datatype/jackson-datatype-joda/2.1.2/jackson-datatype-joda-2.1.2.jar:/Users/giulianobg/.m2/repository/com/yammer/dropwizard/dropwizard-views/0.6.2/dropwizard-views-0.6.2.jar:/Users/giulianobg/.m2/repository/org/freemarker/freemarker/2.3.19/freemarker-2.3.19.jar:/Users/giulianobg/.m2/repository/com/github/spullara/mustache/java/compiler/0.8.10/compiler-0.8.10.jar:/Users/giulianobg/.m2/repository/com/yammer/dropwizard/dropwizard-jdbi/0.6.2/dropwizard-jdbi-0.6.2.jar:/Users/giulianobg/.m2/repository/com/yammer/dropwizard/dropwizard-db/0.6.2/dropwizard-db-0.6.2.jar:/Users/giulianobg/.m2/repository/org/apache/tomcat/tomcat-dbcp/7.0.37/tomcat-dbcp-7.0.37.jar:/Users/giulianobg/.m2/repository/org/jdbi/jdbi/2.41/jdbi-2.41.jar:/Users/giulianobg/.m2/repository/com/yammer/metrics/metrics-jdbi/2.2.0/metrics-jdbi-2.2.0.jar:/Users/giulianobg/.m2/repository/com/h2database/h2/1.3.173/h2-1.3.173.jar:"/>
    <property name="java.vm.specification.version" value="1.0"/>
    <property name="sun.arch.data.model" value="64"/>
    <property name="java.home" value="/System/Library/Java/JavaVirtualMachines/1.6.0.jdk/Contents/Home"/>
    <property name="sun.java.command" value="/Users/giulianobg/Documents/workspace/quantocusta/quantocusta-api/target/surefire/surefirebooter8632524950533123064.jar /Users/giulianobg/Documents/workspace/quantocusta/quantocusta-api/target/surefire/surefire3710510319426055807tmp /Users/giulianobg/Documents/workspace/quantocusta/quantocusta-api/target/surefire/surefire7952987537793844292tmp"/>
    <property name="java.specification.vendor" value="Sun Microsystems Inc."/>
    <property name="user.language" value="pt"/>
    <property name="awt.toolkit" value="apple.awt.CToolkit"/>
    <property name="java.vm.info" value="mixed mode"/>
    <property name="java.version" value="1.6.0_51"/>
    <property name="java.ext.dirs" value="/Users/giulianobg/Library/Java/Extensions:/Library/Java/Extensions:/System/Library/Java/Extensions:/System/Library/Java/JavaVirtualMachines/1.6.0.jdk/Contents/Home/lib/ext"/>
    <property name="sun.boot.class.path" value="/System/Library/Java/JavaVirtualMachines/1.6.0.jdk/Contents/Classes/jsfd.jar:/System/Library/Java/JavaVirtualMachines/1.6.0.jdk/Contents/Classes/classes.jar:/System/Library/Frameworks/JavaVM.framework/Frameworks/JavaRuntimeSupport.framework/Resources/Java/JavaRuntimeSupport.jar:/System/Library/Java/JavaVirtualMachines/1.6.0.jdk/Contents/Classes/ui.jar:/System/Library/Java/JavaVirtualMachines/1.6.0.jdk/Contents/Classes/laf.jar:/System/Library/Java/JavaVirtualMachines/1.6.0.jdk/Contents/Classes/sunrsasign.jar:/System/Library/Java/JavaVirtualMachines/1.6.0.jdk/Contents/Classes/jsse.jar:/System/Library/Java/JavaVirtualMachines/1.6.0.jdk/Contents/Classes/jce.jar:/System/Library/Java/JavaVirtualMachines/1.6.0.jdk/Contents/Classes/charsets.jar"/>
    <property name="java.vendor" value="Apple Inc."/>
    <property name="localRepository" value="/Users/giulianobg/.m2/repository"/>
    <property name="file.separator" value="/"/>
    <property name="java.vendor.url.bug" value="http://bugreport.apple.com/"/>
    <property name="sun.cpu.endian" value="little"/>
    <property name="sun.io.unicode.encoding" value="UnicodeLittle"/>
    <property name="mrj.version" value="1070.1.6.0_51-457"/>
    <property name="socksNonProxyHosts" value="local|*.local|169.254/16|*.169.254/16"/>
    <property name="ftp.nonProxyHosts" value="local|*.local|169.254/16|*.169.254/16"/>
    <property name="sun.cpu.isalist" value=""/>
  </properties>
  <testcase time="0.001" classname="org.quantocusta.api.AppTest" name="testApp"/>
</testsuite>